<?xml version="1.0" encoding="UTF-8"?>
<!-- Generated by org.testng.reporters.JUnitReportReporter -->
<testsuite hostname="INHL1290" failures="0" tests="1" name="org.pineapple.testscripts.Get_PineApple_BusinessID_API" time="3.276" errors="0" timestamp="2022-04-28T14:32:32 IST" skipped="0">
  <testcase classname="org.pineapple.testscripts.Get_PineApple_BusinessID_API" name="Get_PineappleBusinessID" time="3.276"/>
  <system-out/>
</testsuite> <!-- org.pineapple.testscripts.Get_PineApple_BusinessID_API -->
