<?xml version="1.0" encoding="UTF-8"?>
<!-- Generated by org.testng.reporters.JUnitReportReporter -->
<testsuite hostname="INHL1290" failures="0" tests="1" name="org.pineapple.testscripts.Get_PineApple_BusinessID_Registered_Business" time="3.009" errors="0" timestamp="2022-08-10T16:37:30 IST" skipped="0">
  <testcase classname="org.pineapple.testscripts.Get_PineApple_BusinessID_Registered_Business" name="Get_PineappleBusinessID" time="3.009"/>
  <system-out/>
</testsuite> <!-- org.pineapple.testscripts.Get_PineApple_BusinessID_Registered_Business -->
