<?xml version="1.0" encoding="UTF-8"?>
<!-- Generated by org.testng.reporters.JUnitReportReporter -->
<testsuite hostname="INHL1290" failures="0" tests="26" name="org.pineapple.testscripts.SignUp_TestScript" time="26.818" errors="0" timestamp="2023-01-24T18:01:57 IST" skipped="0">
  <testcase classname="org.pineapple.testscripts.SignUp_TestScript" name="SignUP" time="3.438"/>
  <system-out/>
  <testcase classname="org.pineapple.testscripts.SignUp_TestScript" name="SignUP_AllMandatoryParameter" time="0.925"/>
  <system-out/>
  <testcase classname="org.pineapple.testscripts.SignUp_TestScript" name="SignUP1_InvalidToken" time="0.924"/>
  <system-out/>
  <testcase classname="org.pineapple.testscripts.SignUp_TestScript" name="SignUP_OnlyContactorEmail" time="0.898"/>
  <system-out/>
  <testcase classname="org.pineapple.testscripts.SignUp_TestScript" name="SignUP_SameInviteEmail" time="1.587"/>
  <system-out/>
  <testcase classname="org.pineapple.testscripts.SignUp_TestScript" name="SignUP_BusinessName" time="0.913"/>
  <system-out/>
  <testcase classname="org.pineapple.testscripts.SignUp_TestScript" name="SignUP_CountryCode" time="0.890"/>
  <system-out/>
  <testcase classname="org.pineapple.testscripts.SignUp_TestScript" name="SignUP_BusinessABN" time="0.903"/>
  <system-out/>
  <testcase classname="org.pineapple.testscripts.SignUp_TestScript" name="SignUP_WebhookNotification" time="0.928"/>
  <system-out/>
  <testcase classname="org.pineapple.testscripts.SignUp_TestScript" name="SignUP_InvalidEmail" time="0.893"/>
  <system-out/>
  <testcase classname="org.pineapple.testscripts.SignUp_TestScript" name="SignUP_OnlyBusinessCode" time="0.886"/>
  <system-out/>
  <testcase classname="org.pineapple.testscripts.SignUp_TestScript" name="SignUP_AlreadySignUp" time="0.917"/>
  <system-out/>
  <testcase classname="org.pineapple.testscripts.SignUp_TestScript" name="SignUP_SendInvitaton" time="0.956"/>
  <system-out/>
  <testcase classname="org.pineapple.testscripts.SignUp_TestScript" name="SignUp_InvalidEmailId" time="0.894"/>
  <system-out/>
  <testcase classname="org.pineapple.testscripts.SignUp_TestScript" name="SignUP_100InviteEmail" time="0.914"/>
  <system-out/>
  <testcase classname="org.pineapple.testscripts.SignUp_TestScript" name="SignUP_100ContractorEmail" time="0.908"/>
  <system-out/>
  <testcase classname="org.pineapple.testscripts.SignUp_TestScript" name="SignUP_100CharContractorFname" time="0.883"/>
  <system-out/>
  <testcase classname="org.pineapple.testscripts.SignUp_TestScript" name="SignUP_100CharContractorMname" time="0.911"/>
  <system-out/>
  <testcase classname="org.pineapple.testscripts.SignUp_TestScript" name="SignUP_100CharContractorLname" time="0.904"/>
  <system-out/>
  <testcase classname="org.pineapple.testscripts.SignUp_TestScript" name="SignUP_100CharContractorPhone" time="0.908"/>
  <system-out/>
  <testcase classname="org.pineapple.testscripts.SignUp_TestScript" name="SignUP_100CharContractorBname" time="0.909"/>
  <system-out/>
  <testcase classname="org.pineapple.testscripts.SignUp_TestScript" name="SignUP_WrongBusinessCode" time="0.883"/>
  <system-out/>
  <testcase classname="org.pineapple.testscripts.SignUp_TestScript" name="SignUP_25CharBusinessABN" time="0.932"/>
  <system-out/>
  <testcase classname="org.pineapple.testscripts.SignUp_TestScript" name="SignUP_25CharBusinessACN" time="0.898"/>
  <system-out/>
  <testcase classname="org.pineapple.testscripts.SignUp_TestScript" name="SignUp_AllParameter" time="0.902"/>
  <system-out/>
  <testcase classname="org.pineapple.testscripts.SignUp_TestScript" name="SignUp_500CharContractorBusinessAddress" time="0.914"/>
  <system-out/>
</testsuite> <!-- org.pineapple.testscripts.SignUp_TestScript -->
