<?xml version="1.0" encoding="UTF-8"?>
<!-- Generated by org.testng.reporters.JUnitReportReporter -->
<testsuite hostname="INHL1290" failures="0" tests="1" name="org.pineapple.testscripts.GetBusinessInviation_API" time="1.546" errors="0" timestamp="2022-04-28T11:56:11 IST" skipped="0">
  <testcase classname="org.pineapple.testscripts.GetBusinessInviation_API" name="Testcase4" time="1.546"/>
  <system-out/>
</testsuite> <!-- org.pineapple.testscripts.GetBusinessInviation_API -->
