<?xml version="1.0" encoding="UTF-8"?>
<!-- Generated by org.testng.reporters.JUnitReportReporter -->
<testsuite hostname="INHL1399" failures="0" tests="26" name="org.pineapple.testscripts.Post_Request_Update_SignUp_TestScript" time="3.178" errors="0" timestamp="2023-03-03T11:31:31 IST" skipped="0">
  <testcase classname="org.pineapple.testscripts.Post_Request_Update_SignUp_TestScript" name="SignUP" time="1.759"/>
  <system-out/>
  <testcase classname="org.pineapple.testscripts.Post_Request_Update_SignUp_TestScript" name="SignUP_AllMandatoryParameter" time="0.075"/>
  <system-out/>
  <testcase classname="org.pineapple.testscripts.Post_Request_Update_SignUp_TestScript" name="SignUP1_InvalidToken" time="0.029"/>
  <system-out/>
  <testcase classname="org.pineapple.testscripts.Post_Request_Update_SignUp_TestScript" name="SignUP_OnlyContactorEmail" time="0.054"/>
  <system-out/>
  <testcase classname="org.pineapple.testscripts.Post_Request_Update_SignUp_TestScript" name="SignUP_SameInviteEmail" time="0.104"/>
  <system-out/>
  <testcase classname="org.pineapple.testscripts.Post_Request_Update_SignUp_TestScript" name="SignUP_BusinessName" time="0.060"/>
  <system-out/>
  <testcase classname="org.pineapple.testscripts.Post_Request_Update_SignUp_TestScript" name="SignUP_CountryCode" time="0.045"/>
  <system-out/>
  <testcase classname="org.pineapple.testscripts.Post_Request_Update_SignUp_TestScript" name="SignUP_BusinessABN" time="0.074"/>
  <system-out/>
  <testcase classname="org.pineapple.testscripts.Post_Request_Update_SignUp_TestScript" name="SignUP_WebhookNotification" time="0.093"/>
  <system-out/>
  <testcase classname="org.pineapple.testscripts.Post_Request_Update_SignUp_TestScript" name="SignUP_InvalidEmail" time="0.044"/>
  <system-out/>
  <testcase classname="org.pineapple.testscripts.Post_Request_Update_SignUp_TestScript" name="SignUP_OnlyBusinessCode" time="0.050"/>
  <system-out/>
  <testcase classname="org.pineapple.testscripts.Post_Request_Update_SignUp_TestScript" name="SignUP_AlreadySignUp" time="0.077"/>
  <system-out/>
  <testcase classname="org.pineapple.testscripts.Post_Request_Update_SignUp_TestScript" name="SignUP_SendInvitaton" time="0.077"/>
  <system-out/>
  <testcase classname="org.pineapple.testscripts.Post_Request_Update_SignUp_TestScript" name="SignUp_InvalidEmailId" time="0.036"/>
  <system-out/>
  <testcase classname="org.pineapple.testscripts.Post_Request_Update_SignUp_TestScript" name="SignUP_100InviteEmail" time="0.068"/>
  <system-out/>
  <testcase classname="org.pineapple.testscripts.Post_Request_Update_SignUp_TestScript" name="SignUP_100ContractorEmail" time="0.044"/>
  <system-out/>
  <testcase classname="org.pineapple.testscripts.Post_Request_Update_SignUp_TestScript" name="SignUP_100CharContractorFname" time="0.043"/>
  <system-out/>
  <testcase classname="org.pineapple.testscripts.Post_Request_Update_SignUp_TestScript" name="SignUP_100CharContractorMname" time="0.045"/>
  <system-out/>
  <testcase classname="org.pineapple.testscripts.Post_Request_Update_SignUp_TestScript" name="SignUP_100CharContractorLname" time="0.048"/>
  <system-out/>
  <testcase classname="org.pineapple.testscripts.Post_Request_Update_SignUp_TestScript" name="SignUP_100CharContractorPhone" time="0.041"/>
  <system-out/>
  <testcase classname="org.pineapple.testscripts.Post_Request_Update_SignUp_TestScript" name="SignUP_100CharContractorBname" time="0.037"/>
  <system-out/>
  <testcase classname="org.pineapple.testscripts.Post_Request_Update_SignUp_TestScript" name="SignUP_WrongBusinessCode" time="0.035"/>
  <system-out/>
  <testcase classname="org.pineapple.testscripts.Post_Request_Update_SignUp_TestScript" name="SignUP_25CharBusinessABN" time="0.035"/>
  <system-out/>
  <testcase classname="org.pineapple.testscripts.Post_Request_Update_SignUp_TestScript" name="SignUP_25CharBusinessACN" time="0.040"/>
  <system-out/>
  <testcase classname="org.pineapple.testscripts.Post_Request_Update_SignUp_TestScript" name="SignUp_AllParameter" time="0.090"/>
  <system-out/>
  <testcase classname="org.pineapple.testscripts.Post_Request_Update_SignUp_TestScript" name="SignUp_500CharContractorBusinessAddress" time="0.075"/>
  <system-out/>
</testsuite> <!-- org.pineapple.testscripts.Post_Request_Update_SignUp_TestScript -->
