<?xml version="1.0" encoding="UTF-8"?>
<!-- Generated by org.testng.reporters.JUnitReportReporter -->
<testsuite hostname="INHL1290" failures="0" tests="3" name="org.pineapple.testscripts.Get_BusinessConnection" time="4.449" errors="0" timestamp="2023-01-20T15:06:07 IST" skipped="0">
  <testcase classname="org.pineapple.testscripts.Get_BusinessConnection" name="Get_BusinessConnection_ValidExternalId" time="2.629"/>
  <system-out/>
  <testcase classname="org.pineapple.testscripts.Get_BusinessConnection" name="Get_BusinessConnection_InValidExternalId" time="0.914"/>
  <system-out/>
  <testcase classname="org.pineapple.testscripts.Get_BusinessConnection" name="Get_BusinessConnection_InValidAPIKey" time="0.906"/>
  <system-out/>
</testsuite> <!-- org.pineapple.testscripts.Get_BusinessConnection -->
