<?xml version="1.0" encoding="UTF-8"?>
<!-- Generated by org.testng.reporters.JUnitReportReporter -->
<testsuite hostname="INHL1399" failures="0" tests="3" name="org.pineapple.testscripts.Get_AllOutgoing_JobofferDetails_API" time="1.072" errors="0" timestamp="2023-03-16T11:45:24 IST" skipped="0">
  <testcase classname="org.pineapple.testscripts.Get_AllOutgoing_JobofferDetails_API" name="Get_AllOutgoingJobOffer_ValidExternalBusinessID" time="1.010"/>
  <system-out/>
  <testcase classname="org.pineapple.testscripts.Get_AllOutgoing_JobofferDetails_API" name="Get_AllOutgoingJobOffer_InvalidExternalBusinessID" time="0.028"/>
  <system-out/>
  <testcase classname="org.pineapple.testscripts.Get_AllOutgoing_JobofferDetails_API" name="Get_AllOutgoingJobOffer_ValidExternalBusinessID_InvalidToken" time="0.034"/>
  <system-out/>
</testsuite> <!-- org.pineapple.testscripts.Get_AllOutgoing_JobofferDetails_API -->
