<?xml version="1.0" encoding="UTF-8"?>
<!-- Generated by org.testng.reporters.JUnitReportReporter -->
<testsuite hostname="INHL1290" failures="0" tests="1" name="org.pineapple.testscripts.Resend_business_registration_email_API_RegisteredBusiness" time="3.676" errors="0" timestamp="2022-08-10T16:41:47 IST" skipped="0">
  <testcase classname="org.pineapple.testscripts.Resend_business_registration_email_API_RegisteredBusiness" name="resendBusinessRegistration" time="3.676"/>
  <system-out/>
</testsuite> <!-- org.pineapple.testscripts.Resend_business_registration_email_API_RegisteredBusiness -->
