<?xml version="1.0" encoding="UTF-8"?>
<!-- Generated by org.testng.reporters.JUnitReportReporter -->
<testsuite hostname="INHL1290" failures="0" tests="1" name="org.pineapple.testscripts.Resend_business_registration_email_API_InvitedBusiness" time="3.112" errors="0" timestamp="2022-08-10T16:43:35 IST" skipped="0">
  <testcase classname="org.pineapple.testscripts.Resend_business_registration_email_API_InvitedBusiness" name="resendBusinessRegistration" time="3.112"/>
  <system-out/>
</testsuite> <!-- org.pineapple.testscripts.Resend_business_registration_email_API_InvitedBusiness -->
