<?xml version="1.0" encoding="UTF-8"?>
<!-- Generated by org.testng.reporters.JUnitReportReporter -->
<testsuite hostname="INHL1290" failures="0" tests="1" name="org.pineapple.testscripts.Get_Single_business_Inviation_Invited_BusinessID" time="3.299" errors="0" timestamp="2022-08-09T15:07:28 IST" skipped="0">
  <testcase classname="org.pineapple.testscripts.Get_Single_business_Inviation_Invited_BusinessID" name="GetSingleBusinessInvitationDetails_InvitedBusinessID" time="3.299"/>
  <system-out/>
</testsuite> <!-- org.pineapple.testscripts.Get_Single_business_Inviation_Invited_BusinessID -->
