<?xml version="1.0" encoding="UTF-8"?>
<!-- Generated by org.testng.reporters.JUnitReportReporter -->
<testsuite hostname="INHL1290" failures="0" tests="1" name="org.pineapple.testscripts.Resend_business_registration_Email_Patch_API" time="1.613" errors="0" timestamp="2022-04-28T11:56:11 IST" skipped="0">
  <testcase classname="org.pineapple.testscripts.Resend_business_registration_Email_Patch_API" name="Testcase3" time="1.613"/>
  <system-out/>
</testsuite> <!-- org.pineapple.testscripts.Resend_business_registration_Email_Patch_API -->
