<?xml version="1.0" encoding="UTF-8"?>
<!-- Generated by org.testng.reporters.JUnitReportReporter -->
<testsuite hostname="INHL1290" failures="0" tests="1" name="org.pineapple.testscripts.Get_SingleOutgingJobs_Details_InvalidExternalBusinessID_API" time="2.709" errors="0" timestamp="2022-08-11T13:47:07 IST" skipped="0">
  <testcase classname="org.pineapple.testscripts.Get_SingleOutgingJobs_Details_InvalidExternalBusinessID_API" name="Get_SingleOutgingJobs_Details_InvalidExternalBusinessID" time="2.709"/>
  <system-out/>
</testsuite> <!-- org.pineapple.testscripts.Get_SingleOutgingJobs_Details_InvalidExternalBusinessID_API -->
