<?xml version="1.0" encoding="UTF-8"?>
<!-- Generated by org.testng.reporters.JUnitReportReporter -->
<testsuite hostname="INHL1290" failures="0" tests="4" name="org.pineapple.testscripts.Patch_Resend_business_registration_email_Test_API" time="3.590" errors="0" timestamp="2023-01-13T15:28:01 IST" skipped="0">
  <testcase classname="org.pineapple.testscripts.Patch_Resend_business_registration_email_Test_API" name="resendBusinessRegistrationwithInvitedBusiness" time="0.917"/>
  <system-out/>
  <testcase classname="org.pineapple.testscripts.Patch_Resend_business_registration_email_Test_API" name="resendBusinessRegistrationwithRegistratedBusiness" time="0.898"/>
  <system-out/>
  <testcase classname="org.pineapple.testscripts.Patch_Resend_business_registration_email_Test_API" name="resendBusinessRegistrationwithInvalidExternalBusinessID" time="0.893"/>
  <system-out/>
  <testcase classname="org.pineapple.testscripts.Patch_Resend_business_registration_email_Test_API" name="resendBusinessRegistrationwithInvalidToken" time="0.882"/>
  <system-out/>
</testsuite> <!-- org.pineapple.testscripts.Patch_Resend_business_registration_email_Test_API -->
