<?xml version="1.0" encoding="UTF-8"?>
<!-- Generated by org.testng.reporters.JUnitReportReporter -->
<testsuite hostname="INHL1399" failures="0" tests="4" name="org.pineapple.testscripts.Post_JobID_Cancel_Test_API" time="1.097" errors="0" timestamp="2023-03-16T17:18:02 IST" skipped="0">
  <testcase classname="org.pineapple.testscripts.Post_JobID_Cancel_Test_API" name="Post_JobID_Cancel" time="1.015"/>
  <system-out/>
  <testcase classname="org.pineapple.testscripts.Post_JobID_Cancel_Test_API" name="Post_JobID_Cancel_InvalidExtrenalID" time="0.030"/>
  <system-out/>
  <testcase classname="org.pineapple.testscripts.Post_JobID_Cancel_Test_API" name="Post_JobID_Cancel_InvalidJobID" time="0.027"/>
  <system-out/>
  <testcase classname="org.pineapple.testscripts.Post_JobID_Cancel_Test_API" name="Post_JobID_Cancel_InvalidAccessToken" time="0.025"/>
  <system-out/>
</testsuite> <!-- org.pineapple.testscripts.Post_JobID_Cancel_Test_API -->
