<?xml version="1.0" encoding="UTF-8"?>
<!-- Generated by org.testng.reporters.JUnitReportReporter -->
<testsuite hostname="INHL1290" failures="0" tests="1" name="org.pineapple.testscripts.Post_Request_SignUP2_API_PassMandatoryParameter" time="3.013" errors="0" timestamp="2022-04-28T15:07:26 IST" skipped="0">
  <testcase classname="org.pineapple.testscripts.Post_Request_SignUP2_API_PassMandatoryParameter" name="SignUP" time="3.013"/>
  <system-out/>
</testsuite> <!-- org.pineapple.testscripts.Post_Request_SignUP2_API_PassMandatoryParameter -->
