<?xml version="1.0" encoding="UTF-8"?>
<!-- Generated by org.testng.reporters.JUnitReportReporter -->
<testsuite hostname="INHL1290" failures="0" tests="1" name="org.pineapple.testscripts.Post_Request_SendEmailInvition_Blank_Invite" time="2.890" errors="0" timestamp="2022-08-10T16:51:53 IST" skipped="0">
  <testcase classname="org.pineapple.testscripts.Post_Request_SendEmailInvition_Blank_Invite" name="EmailInvitation" time="2.890"/>
  <system-out/>
</testsuite> <!-- org.pineapple.testscripts.Post_Request_SendEmailInvition_Blank_Invite -->
