<?xml version="1.0" encoding="UTF-8"?>
<!-- Generated by org.testng.reporters.JUnitReportReporter -->
<testsuite hostname="INHL1290" failures="0" tests="1" name="org.pineapple.testscripts.Post_Request_SignUP2_API" time="3.249" errors="0" timestamp="2022-04-28T12:55:27 IST" skipped="0">
  <testcase classname="org.pineapple.testscripts.Post_Request_SignUP2_API" name="SignUP" time="3.249"/>
  <system-out/>
</testsuite> <!-- org.pineapple.testscripts.Post_Request_SignUP2_API -->
