<?xml version="1.0" encoding="UTF-8"?>
<!-- Generated by org.testng.reporters.JUnitReportReporter -->
<testsuite hostname="INHL1290" failures="0" tests="1" name="org.pineapple.testscripts.Post_Request_SignUP_API_PassOnlyCountryCode" time="2.394" errors="0" timestamp="2022-08-08T17:00:32 IST" skipped="0">
  <testcase classname="org.pineapple.testscripts.Post_Request_SignUP_API_PassOnlyCountryCode" name="SignUP" time="2.394"/>
  <system-out/>
</testsuite> <!-- org.pineapple.testscripts.Post_Request_SignUP_API_PassOnlyCountryCode -->
