<?xml version="1.0" encoding="UTF-8"?>
<!-- Generated by org.testng.reporters.JUnitReportReporter -->
<testsuite hostname="INHL1290" failures="0" tests="1" name="org.pineapple.testscripts.Get_ListofAll_incomingJobs_details_InvitedExternalBusinessID_API" time="2.246" errors="0" timestamp="2022-10-21T11:46:46 IST" skipped="0">
  <testcase classname="org.pineapple.testscripts.Get_ListofAll_incomingJobs_details_InvitedExternalBusinessID_API" name="Get_allIncomingjobs_details" time="2.246"/>
  <system-out/>
</testsuite> <!-- org.pineapple.testscripts.Get_ListofAll_incomingJobs_details_InvitedExternalBusinessID_API -->
