<?xml version="1.0" encoding="UTF-8"?>
<!-- Generated by org.testng.reporters.JUnitReportReporter -->
<testsuite hostname="INHL1290" failures="0" tests="1" name="org.pineapple.testscripts.Post_Request_SignUP1_API" time="3.331" errors="0" timestamp="2022-04-28T12:51:56 IST" skipped="0">
  <testcase classname="org.pineapple.testscripts.Post_Request_SignUP1_API" name="SignUP" time="3.331"/>
  <system-out/>
</testsuite> <!-- org.pineapple.testscripts.Post_Request_SignUP1_API -->
