<?xml version="1.0" encoding="UTF-8"?>
<!-- Generated by org.testng.reporters.JUnitReportReporter -->
<testsuite hostname="INHL1290" failures="0" tests="1" name="org.pineapple.testscripts.Post_Reuest_SignUp_API_PassAllParameter" time="4.023" errors="0" timestamp="2022-08-10T16:42:56 IST" skipped="0">
  <testcase classname="org.pineapple.testscripts.Post_Reuest_SignUp_API_PassAllParameter" name="SignUP" time="4.023"/>
  <system-out/>
</testsuite> <!-- org.pineapple.testscripts.Post_Reuest_SignUp_API_PassAllParameter -->
