<?xml version="1.0" encoding="UTF-8"?>
<!-- Generated by org.testng.reporters.JUnitReportReporter -->
<testsuite hostname="INHL1290" failures="0" tests="1" name="org.pineapple.testscripts.Post_Request_SignUp_API_PassAllParameter" time="3.801" errors="0" timestamp="2022-11-22T12:57:59 IST" skipped="0">
  <testcase classname="org.pineapple.testscripts.Post_Request_SignUp_API_PassAllParameter" name="SignUP" time="3.801"/>
  <system-out/>
</testsuite> <!-- org.pineapple.testscripts.Post_Request_SignUp_API_PassAllParameter -->
