<?xml version="1.0" encoding="UTF-8"?>
<!-- Generated by org.testng.reporters.JUnitReportReporter -->
<testsuite hostname="INHL1290" failures="0" tests="1" name="org.pineapple.testscripts.Get_ListofAll_IncomingJob_details_invalidID_API" time="3.088" errors="0" timestamp="2022-06-01T14:16:58 IST" skipped="0">
  <testcase classname="org.pineapple.testscripts.Get_ListofAll_IncomingJob_details_invalidID_API" name="Get_allIncomingjobs_details_InvalidExternalID" time="3.088"/>
  <system-out/>
</testsuite> <!-- org.pineapple.testscripts.Get_ListofAll_IncomingJob_details_invalidID_API -->
