<?xml version="1.0" encoding="UTF-8"?>
<!-- Generated by org.testng.reporters.JUnitReportReporter -->
<testsuite hostname="INHL1399" failures="0" tests="2" name="org.pineapple.testscripts.Get_BusinessEmailID_AwradedBusiness_Test_API" time="1.039" errors="0" timestamp="2023-03-16T11:59:11 IST" skipped="0">
  <testcase classname="org.pineapple.testscripts.Get_BusinessEmailID_AwradedBusiness_Test_API" name="Get_BusinessEmailID_AwradedBusiness_Test_API_ValidOfferID" time="0.995"/>
  <system-out/>
  <testcase classname="org.pineapple.testscripts.Get_BusinessEmailID_AwradedBusiness_Test_API" name="Get_BusinessEmailID_AwradedBusiness_Test_API_InvalidOfferID" time="0.044"/>
  <system-out/>
</testsuite> <!-- org.pineapple.testscripts.Get_BusinessEmailID_AwradedBusiness_Test_API -->
