<?xml version="1.0" encoding="UTF-8"?>
<!-- Generated by org.testng.reporters.JUnitReportReporter -->
<testsuite hostname="INHL1290" failures="0" tests="1" name="org.pineapple.testscripts.Post_Reuest_SignUp_API_PassAllParameterWithSameInvitteEmail_API" time="3.318" errors="0" timestamp="2022-08-11T10:13:39 IST" skipped="0">
  <testcase classname="org.pineapple.testscripts.Post_Reuest_SignUp_API_PassAllParameterWithSameInvitteEmail_API" name="SignUP" time="3.318"/>
  <system-out/>
</testsuite> <!-- org.pineapple.testscripts.Post_Reuest_SignUp_API_PassAllParameterWithSameInvitteEmail_API -->
