<?xml version="1.0" encoding="UTF-8"?>
<!-- Generated by org.testng.reporters.JUnitReportReporter -->
<testsuite hostname="INHL1290" failures="0" tests="1" name="org.pineapple.testscripts.Get_SingleOutgoingJobs_Details_ValidExternalBusinessID_API" time="2.423" errors="0" timestamp="2022-08-11T14:04:48 IST" skipped="0">
  <testcase classname="org.pineapple.testscripts.Get_SingleOutgoingJobs_Details_ValidExternalBusinessID_API" name="Get_SingleOutgoingJob_Details_ValidExternalID" time="2.423"/>
  <system-out/>
</testsuite> <!-- org.pineapple.testscripts.Get_SingleOutgoingJobs_Details_ValidExternalBusinessID_API -->
