<?xml version="1.0" encoding="UTF-8"?>
<!-- Generated by org.testng.reporters.JUnitReportReporter -->
<testsuite hostname="INHL1290" failures="0" tests="1" name="org.pineapple.testscripts.Get_PineappleBusinessID_InvalidExternalID" time="2.469" errors="0" timestamp="2022-08-21T00:19:06 IST" skipped="0">
  <testcase classname="org.pineapple.testscripts.Get_PineappleBusinessID_InvalidExternalID" name="Get_PineappleBusinessID" time="2.469"/>
  <system-out/>
</testsuite> <!-- org.pineapple.testscripts.Get_PineappleBusinessID_InvalidExternalID -->
