<?xml version="1.0" encoding="UTF-8"?>
<!-- Generated by org.testng.reporters.JUnitReportReporter -->
<testsuite hostname="INHL1290" failures="0" tests="1" name="org.pineapple.testscripts.Get_SingleOutgoingJobs_Details_ValidExternalBusinessID_InvalidJobID_API" time="2.450" errors="0" timestamp="2022-08-11T14:26:59 IST" skipped="0">
  <testcase classname="org.pineapple.testscripts.Get_SingleOutgoingJobs_Details_ValidExternalBusinessID_InvalidJobID_API" name="Get_SingleOutgoingJob_Details_ValidExternalID_InvalidJobID" time="2.450"/>
  <system-out/>
</testsuite> <!-- org.pineapple.testscripts.Get_SingleOutgoingJobs_Details_ValidExternalBusinessID_InvalidJobID_API -->
