<?xml version="1.0" encoding="UTF-8"?>
<!-- Generated by org.testng.reporters.JUnitReportReporter -->
<testsuite hostname="INHL1290" failures="0" tests="1" name="org.pineapple.testscripts.Get_ListofAll_IncomingJob_details_invalidExternalBusinessID_API" time="2.582" errors="0" timestamp="2022-10-21T11:46:28 IST" skipped="0">
  <testcase classname="org.pineapple.testscripts.Get_ListofAll_IncomingJob_details_invalidExternalBusinessID_API" name="Get_allIncomingjobs_details_InvalidExternalID" time="2.582"/>
  <system-out/>
</testsuite> <!-- org.pineapple.testscripts.Get_ListofAll_IncomingJob_details_invalidExternalBusinessID_API -->
