<?xml version="1.0" encoding="UTF-8"?>
<!-- Generated by org.testng.reporters.JUnitReportReporter -->
<testsuite hostname="INHL1290" failures="0" tests="3" name="org.pineapple.testscripts.Get_Single_Business_Inviation_Status_Details_Test_API" time="5.885" errors="0" timestamp="2023-01-19T14:58:11 IST" skipped="0">
  <testcase classname="org.pineapple.testscripts.Get_Single_Business_Inviation_Status_Details_Test_API" name="GetSingleBusinessInvitationDetails_RegisteredBusinessID" time="2.891"/>
  <system-out/>
  <testcase classname="org.pineapple.testscripts.Get_Single_Business_Inviation_Status_Details_Test_API" name="GetSingleBusinessInvitationDetails_InvaildBusinessID" time="1.520"/>
  <system-out/>
  <testcase classname="org.pineapple.testscripts.Get_Single_Business_Inviation_Status_Details_Test_API" name="GetSingleBusinessInvitationDetails_InvitedBusinessID" time="1.474"/>
  <system-out/>
</testsuite> <!-- org.pineapple.testscripts.Get_Single_Business_Inviation_Status_Details_Test_API -->
