<?xml version="1.0" encoding="UTF-8"?>
<!-- Generated by org.testng.reporters.JUnitReportReporter -->
<testsuite hostname="INHL1290" failures="0" tests="1" name="org.pineapple.testscripts.Post_Request_API_PassInvalidToken" time="3.026" errors="0" timestamp="2022-05-03T14:33:22 IST" skipped="0">
  <testcase classname="org.pineapple.testscripts.Post_Request_API_PassInvalidToken" name="SignUP" time="3.026"/>
  <system-out/>
</testsuite> <!-- org.pineapple.testscripts.Post_Request_API_PassInvalidToken -->
