<?xml version="1.0" encoding="UTF-8"?>
<!-- Generated by org.testng.reporters.JUnitReportReporter -->
<testsuite hostname="INHL1290" failures="0" tests="1" name="org.pineapple.testscripts.Get_ListofAllOutgoingJobs_details_InvalidExternalBusinessD_API" time="3.450" errors="0" timestamp="2022-08-10T23:49:59 IST" skipped="0">
  <testcase classname="org.pineapple.testscripts.Get_ListofAllOutgoingJobs_details_InvalidExternalBusinessD_API" name="Get_allOutgoingJobsDetails_InValidExternalBusinessID" time="3.450"/>
  <system-out/>
</testsuite> <!-- org.pineapple.testscripts.Get_ListofAllOutgoingJobs_details_InvalidExternalBusinessD_API -->
