<?xml version="1.0" encoding="UTF-8"?>
<!-- Generated by org.testng.reporters.JUnitReportReporter -->
<testsuite hostname="INHL1290" failures="0" tests="4" name="org.pineapple.testscripts.Get_PineApple_BusinessID_Test_API" time="7.300" errors="0" timestamp="2023-01-19T14:57:53 IST" skipped="0">
  <testcase classname="org.pineapple.testscripts.Get_PineApple_BusinessID_Test_API" name="Get_PineappleBusinessID_RegisteredExternalBusinessID" time="2.835"/>
  <system-out/>
  <testcase classname="org.pineapple.testscripts.Get_PineApple_BusinessID_Test_API" name="Get_PineappleBusinessID_InvalidExternalID" time="1.473"/>
  <system-out/>
  <testcase classname="org.pineapple.testscripts.Get_PineApple_BusinessID_Test_API" name="Get_PineappleBusinessID_InvitedExternalBusinessID" time="1.502"/>
  <system-out/>
  <testcase classname="org.pineapple.testscripts.Get_PineApple_BusinessID_Test_API" name="Get_PineappleBusinessID_InvalidToken" time="1.490"/>
  <system-out/>
</testsuite> <!-- org.pineapple.testscripts.Get_PineApple_BusinessID_Test_API -->
