<?xml version="1.0" encoding="UTF-8"?>
<!-- Generated by org.testng.reporters.JUnitReportReporter -->
<testsuite hostname="INHL1399" failures="0" tests="3" name="org.pineapple.testscripts.Post_LinkPlatform_TestAPI" time="1.064" errors="0" timestamp="2023-03-16T17:17:06 IST" skipped="0">
  <testcase classname="org.pineapple.testscripts.Post_LinkPlatform_TestAPI" name="Post_LinkPlatform" time="0.996"/>
  <system-out/>
  <testcase classname="org.pineapple.testscripts.Post_LinkPlatform_TestAPI" name="Post_LinkPlatform_InvalidSystemCode" time="0.034"/>
  <system-out/>
  <testcase classname="org.pineapple.testscripts.Post_LinkPlatform_TestAPI" name="Post_LinkPlatform_UnverifiesEmail" time="0.034"/>
  <system-out/>
</testsuite> <!-- org.pineapple.testscripts.Post_LinkPlatform_TestAPI -->
