<?xml version="1.0" encoding="UTF-8"?>
<!-- Generated by org.testng.reporters.JUnitReportReporter -->
<testsuite hostname="INHL1290" failures="0" tests="1" name="org.pineapple.testscripts.Post_Request_EmailInvition_Blank_Invite" time="4.876" errors="0" timestamp="2022-08-09T14:46:29 IST" skipped="0">
  <testcase classname="org.pineapple.testscripts.Post_Request_EmailInvition_Blank_Invite" name="EmailInvitation" time="4.876"/>
  <system-out/>
</testsuite> <!-- org.pineapple.testscripts.Post_Request_EmailInvition_Blank_Invite -->
