<?xml version="1.0" encoding="UTF-8"?>
<!-- Generated by org.testng.reporters.JUnitReportReporter -->
<testsuite hostname="INHL1290" failures="0" tests="1" name="org.pineapple.testscripts.Patch_Update_OutgoingJob_Details_API" time="3.140" errors="0" timestamp="2022-08-12T13:09:21 IST" skipped="0">
  <testcase classname="org.pineapple.testscripts.Patch_Update_OutgoingJob_Details_API" name="UpdateOutgoingjobs_validExternalBusinessID" time="3.140"/>
  <system-out/>
</testsuite> <!-- org.pineapple.testscripts.Patch_Update_OutgoingJob_Details_API -->
