<?xml version="1.0" encoding="UTF-8"?>
<!-- Generated by org.testng.reporters.JUnitReportReporter -->
<testsuite hostname="INHL1290" failures="0" tests="3" name="org.pineapple.testscripts.Get_All_BusinessConnectionDetails_API" time="5.973" errors="0" timestamp="2023-01-19T14:39:14 IST" skipped="0">
  <testcase classname="org.pineapple.testscripts.Get_All_BusinessConnectionDetails_API" name="GetBusinessConnectionDetails_ValidExternalBusinessID" time="2.817"/>
  <system-out/>
  <testcase classname="org.pineapple.testscripts.Get_All_BusinessConnectionDetails_API" name="GetBusinessConnectionDetails_InvalidExternalBusinessID" time="1.543"/>
  <system-out/>
  <testcase classname="org.pineapple.testscripts.Get_All_BusinessConnectionDetails_API" name="GetBusinessConnectionDetails_ValidExternalBusinessID_InvalidToken" time="1.613"/>
  <system-out/>
</testsuite> <!-- org.pineapple.testscripts.Get_All_BusinessConnectionDetails_API -->
