<?xml version="1.0" encoding="UTF-8"?>
<!-- Generated by org.testng.reporters.JUnitReportReporter -->
<testsuite hostname="INHL1290" failures="0" tests="1" name="org.pineapple.testscripts.Get_Allincoming_Joboffer_API" time="1.587" errors="0" timestamp="2022-04-28T11:56:11 IST" skipped="0">
  <testcase classname="org.pineapple.testscripts.Get_Allincoming_Joboffer_API" name="Testcase7" time="1.587"/>
  <system-out/>
</testsuite> <!-- org.pineapple.testscripts.Get_Allincoming_Joboffer_API -->
