<?xml version="1.0" encoding="UTF-8"?>
<!-- Generated by org.testng.reporters.JUnitReportReporter -->
<testsuite hostname="INHL1290" failures="0" tests="1" name="org.pineapple.testscripts.Add_Participent_In_jobOffer_API" time="1.569" errors="0" timestamp="2022-04-28T11:56:11 IST" skipped="0">
  <testcase classname="org.pineapple.testscripts.Add_Participent_In_jobOffer_API" name="AddPrticipent" time="1.569"/>
  <system-out/>
</testsuite> <!-- org.pineapple.testscripts.Add_Participent_In_jobOffer_API -->
