<?xml version="1.0" encoding="UTF-8"?>
<!-- Generated by org.testng.reporters.JUnitReportReporter -->
<testsuite hostname="INHL1290" failures="0" tests="1" name="org.pineapple.testscripts.Get_SingleIncomingJobs_Details_ValidExternalBusinessID_API" time="3.339" errors="0" timestamp="2022-08-11T00:06:53 IST" skipped="0">
  <testcase classname="org.pineapple.testscripts.Get_SingleIncomingJobs_Details_ValidExternalBusinessID_API" name="Get_SingleIncomingJob_Details_ValidExternalID" time="3.339"/>
  <system-out/>
</testsuite> <!-- org.pineapple.testscripts.Get_SingleIncomingJobs_Details_ValidExternalBusinessID_API -->
