<?xml version="1.0" encoding="UTF-8"?>
<!-- Generated by org.testng.reporters.JUnitReportReporter -->
<testsuite hostname="INHL1290" failures="0" tests="1" name="org.pineapple.testscripts.Get_PineappleBusinessID_PassInvalidToken" time="4.559" errors="0" timestamp="2022-08-09T12:46:55 IST" skipped="0">
  <testcase classname="org.pineapple.testscripts.Get_PineappleBusinessID_PassInvalidToken" name="Get_PineappleBusinessID" time="4.559"/>
  <system-out/>
</testsuite> <!-- org.pineapple.testscripts.Get_PineappleBusinessID_PassInvalidToken -->
