<?xml version="1.0" encoding="UTF-8"?>
<!-- Generated by org.testng.reporters.JUnitReportReporter -->
<testsuite hostname="INHL1290" failures="0" tests="1" name="org.pineapple.testscripts.PostRequest_EmailInvitaion_InvitedBusinessID" time="3.673" errors="0" timestamp="2022-05-26T22:46:42 IST" skipped="0">
  <testcase classname="org.pineapple.testscripts.PostRequest_EmailInvitaion_InvitedBusinessID" name="EmailInvitation" time="3.673"/>
  <system-out/>
</testsuite> <!-- org.pineapple.testscripts.PostRequest_EmailInvitaion_InvitedBusinessID -->
