<?xml version="1.0" encoding="UTF-8"?>
<!-- Generated by org.testng.reporters.JUnitReportReporter -->
<testsuite hostname="INHL1290" failures="0" tests="1" name="org.pineapple.testscripts.Patch_Update_OutgoingJob_Details_InvalidExternalID_API" time="2.914" errors="0" timestamp="2022-08-12T18:09:25 IST" skipped="0">
  <testcase classname="org.pineapple.testscripts.Patch_Update_OutgoingJob_Details_InvalidExternalID_API" name="UpdateOutgoingjobs_InvalidExternalBusinessID" time="2.914"/>
  <system-out/>
</testsuite> <!-- org.pineapple.testscripts.Patch_Update_OutgoingJob_Details_InvalidExternalID_API -->
