<?xml version="1.0" encoding="UTF-8"?>
<!-- Generated by org.testng.reporters.JUnitReportReporter -->
<testsuite hostname="INHL1290" failures="0" tests="1" name="org.pineapple.testscripts.PostRequest_EmailInvition_Blank_Invite" time="3.264" errors="0" timestamp="2022-05-12T17:15:19 IST" skipped="0">
  <testcase classname="org.pineapple.testscripts.PostRequest_EmailInvition_Blank_Invite" name="EmailInvitation" time="3.264"/>
  <system-out/>
</testsuite> <!-- org.pineapple.testscripts.PostRequest_EmailInvition_Blank_Invite -->
