<?xml version="1.0" encoding="UTF-8"?>
<!-- Generated by org.testng.reporters.JUnitReportReporter -->
<testsuite hostname="INHL1290" failures="0" tests="1" name="org.pineapple.testscripts.Post_Request_SignUp_API_PassAllParameterWithSameInvitteEmail_API" time="2.986" errors="0" timestamp="2022-11-21T13:37:51 IST" skipped="0">
  <testcase classname="org.pineapple.testscripts.Post_Request_SignUp_API_PassAllParameterWithSameInvitteEmail_API" name="SignUP" time="2.986"/>
  <system-out/>
</testsuite> <!-- org.pineapple.testscripts.Post_Request_SignUp_API_PassAllParameterWithSameInvitteEmail_API -->
