<?xml version="1.0" encoding="UTF-8"?>
<!-- Generated by org.testng.reporters.JUnitReportReporter -->
<testsuite hostname="INHL1290" failures="0" tests="3" name="org.pineapple.testscripts.Get_ListofAll_IncomingJobs_details_Test_API" time="5.190" errors="0" timestamp="2023-01-19T14:55:58 IST" skipped="0">
  <testcase classname="org.pineapple.testscripts.Get_ListofAll_IncomingJobs_details_Test_API" name="Get_allIncomingjobs_details_ValidExternalBusinessID" time="3.261"/>
  <system-out/>
  <testcase classname="org.pineapple.testscripts.Get_ListofAll_IncomingJobs_details_Test_API" name="Get_allIncomingjobs_details_InvalidExternalID" time="0.928"/>
  <system-out/>
  <testcase classname="org.pineapple.testscripts.Get_ListofAll_IncomingJobs_details_Test_API" name="Get_allIncomingjobs_details_InvitedExternalBusinessID" time="1.001"/>
  <system-out/>
</testsuite> <!-- org.pineapple.testscripts.Get_ListofAll_IncomingJobs_details_Test_API -->
