<?xml version="1.0" encoding="UTF-8"?>
<!-- Generated by org.testng.reporters.JUnitReportReporter -->
<testsuite hostname="INHL1290" failures="0" tests="2" name="org.pineapple.testscripts.Get_All_BusinessInviation_Status_Details_Test_API" time="5.422" errors="0" timestamp="2023-01-19T14:39:31 IST" skipped="0">
  <testcase classname="org.pineapple.testscripts.Get_All_BusinessInviation_Status_Details_Test_API" name="Get_All_BusinessInviation_Status_validExternalBusinessID" time="3.341"/>
  <system-out/>
  <testcase classname="org.pineapple.testscripts.Get_All_BusinessInviation_Status_Details_Test_API" name="Get_All_BusinessInviation_Status_InvalidExternalBusinessID" time="2.081"/>
  <system-out/>
</testsuite> <!-- org.pineapple.testscripts.Get_All_BusinessInviation_Status_Details_Test_API -->
