<?xml version="1.0" encoding="UTF-8"?>
<!-- Generated by org.testng.reporters.JUnitReportReporter -->
<testsuite hostname="INHL1290" failures="0" tests="1" name="org.pineapple.testscripts.Post_Request_SendEmail_Invitation_API" time="3.078" errors="0" timestamp="2022-08-09T14:50:32 IST" skipped="0">
  <testcase classname="org.pineapple.testscripts.Post_Request_SendEmail_Invitation_API" name="EmailInvitation" time="3.078"/>
  <system-out/>
</testsuite> <!-- org.pineapple.testscripts.Post_Request_SendEmail_Invitation_API -->
