<?xml version="1.0" encoding="UTF-8"?>
<!-- Generated by org.testng.reporters.JUnitReportReporter -->
<testsuite hostname="INHL1290" failures="0" tests="11" name="org.pineapple.testscripts.Post_Request_SignUp_TestScript_API" time="2.465" errors="0" timestamp="2023-03-01T12:54:18 IST" skipped="0">
  <testcase classname="org.pineapple.testscripts.Post_Request_SignUp_TestScript_API" name="SignUpwithAllParameter" time="1.760"/>
  <system-out/>
  <testcase classname="org.pineapple.testscripts.Post_Request_SignUp_TestScript_API" name="SignUpwithSameInviteeEmail" time="0.178"/>
  <system-out/>
  <testcase classname="org.pineapple.testscripts.Post_Request_SignUp_TestScript_API" name="SignUpwithBlankParameter" time="0.061"/>
  <system-out/>
  <testcase classname="org.pineapple.testscripts.Post_Request_SignUp_TestScript_API" name="SignUpwithInvalidParameter" time="0.046"/>
  <system-out/>
  <testcase classname="org.pineapple.testscripts.Post_Request_SignUp_TestScript_API" name="SignUpwithInvalidToken" time="0.023"/>
  <system-out/>
  <testcase classname="org.pineapple.testscripts.Post_Request_SignUp_TestScript_API" name="SignUpPassMandateParameterwitoutCountrycode" time="0.030"/>
  <system-out/>
  <testcase classname="org.pineapple.testscripts.Post_Request_SignUp_TestScript_API" name="SignUpwithAllMandateParameter" time="0.074"/>
  <system-out/>
  <testcase classname="org.pineapple.testscripts.Post_Request_SignUp_TestScript_API" name="SignUpPassOnlyBusinessName" time="0.037"/>
  <system-out/>
  <testcase classname="org.pineapple.testscripts.Post_Request_SignUp_TestScript_API" name="SignUpPassOnlyCountrycode" time="0.045"/>
  <system-out/>
  <testcase classname="org.pineapple.testscripts.Post_Request_SignUp_TestScript_API" name="SignUpOnlyEmail" time="0.028"/>
  <system-out/>
  <testcase classname="org.pineapple.testscripts.Post_Request_SignUp_TestScript_API" name="SignUpPassVerifiedEmailaddress" time="0.183"/>
  <system-out/>
</testsuite> <!-- org.pineapple.testscripts.Post_Request_SignUp_TestScript_API -->
