<?xml version="1.0" encoding="UTF-8"?>
<!-- Generated by org.testng.reporters.JUnitReportReporter -->
<testsuite hostname="INHL1290" failures="0" tests="1" name="org.pineapple.testscripts.Post_Request_SignUP_API_PassInavlidParameter" time="2.386" errors="0" timestamp="2022-08-08T17:13:39 IST" skipped="0">
  <testcase classname="org.pineapple.testscripts.Post_Request_SignUP_API_PassInavlidParameter" name="SignUP" time="2.386"/>
  <system-out/>
</testsuite> <!-- org.pineapple.testscripts.Post_Request_SignUP_API_PassInavlidParameter -->
