<?xml version="1.0" encoding="UTF-8"?>
<!-- Generated by org.testng.reporters.JUnitReportReporter -->
<testsuite hostname="INHL1290" failures="0" tests="1" name="org.pineapple.testscripts.Get_Allincoming_JobofferDeatils_API" time="3.428" errors="0" timestamp="2022-06-28T11:30:53 IST" skipped="0">
  <testcase classname="org.pineapple.testscripts.Get_Allincoming_JobofferDeatils_API" name="Testcase7" time="3.428"/>
  <system-out/>
</testsuite> <!-- org.pineapple.testscripts.Get_Allincoming_JobofferDeatils_API -->
