<?xml version="1.0" encoding="UTF-8"?>
<!-- Generated by org.testng.reporters.JUnitReportReporter -->
<testsuite hostname="INHL1290" failures="0" tests="12" name="org.pineapple.testscripts.Post_QuoteDelete_TestScript" time="20.046" errors="0" timestamp="2023-01-25T17:40:21 IST" skipped="0">
  <testcase classname="org.pineapple.testscripts.Post_QuoteDelete_TestScript" name="Post_QuoteDelete" time="3.484"/>
  <system-out/>
  <testcase classname="org.pineapple.testscripts.Post_QuoteDelete_TestScript" name="Post_QuoteDelete_Withdrawn" time="1.523"/>
  <system-out/>
  <testcase classname="org.pineapple.testscripts.Post_QuoteDelete_TestScript" name="Post_QuoteDelete_InvalidApiToken" time="1.484"/>
  <system-out/>
  <testcase classname="org.pineapple.testscripts.Post_QuoteDelete_TestScript" name="Post_QuoteDelete_InvalidExternalId" time="1.498"/>
  <system-out/>
  <testcase classname="org.pineapple.testscripts.Post_QuoteDelete_TestScript" name="Post_QuoteDelete_InvalidJobQuoteId" time="1.554"/>
  <system-out/>
  <testcase classname="org.pineapple.testscripts.Post_QuoteDelete_TestScript" name="Post_QuoteDelete_OpenStatus" time="1.512"/>
  <system-out/>
  <testcase classname="org.pineapple.testscripts.Post_QuoteDelete_TestScript" name="Post_QuoteDelete_QAClosedStatus" time="1.498"/>
  <system-out/>
  <testcase classname="org.pineapple.testscripts.Post_QuoteDelete_TestScript" name="Post_QuoteDelete_ReviewingStatus" time="1.477"/>
  <system-out/>
  <testcase classname="org.pineapple.testscripts.Post_QuoteDelete_TestScript" name="Post_QuoteDelete_AwardedStatus" time="1.486"/>
  <system-out/>
  <testcase classname="org.pineapple.testscripts.Post_QuoteDelete_TestScript" name="Post_QuoteDelete_ExpiredStatus" time="1.498"/>
  <system-out/>
  <testcase classname="org.pineapple.testscripts.Post_QuoteDelete_TestScript" name="Post_QuoteDelete_NotCommittedStatus" time="1.493"/>
  <system-out/>
  <testcase classname="org.pineapple.testscripts.Post_QuoteDelete_TestScript" name="Post_QuoteDelete_CommittedStatus" time="1.539"/>
  <system-out/>
</testsuite> <!-- org.pineapple.testscripts.Post_QuoteDelete_TestScript -->
