<?xml version="1.0" encoding="UTF-8"?>
<!-- Generated by org.testng.reporters.JUnitReportReporter -->
<testsuite hostname="INHL1290" failures="0" tests="2" name="org.pineapple.testscripts.Post_RegisterWebhook_Test_API" time="4.133" errors="0" timestamp="2023-01-19T14:35:15 IST" skipped="0">
  <testcase classname="org.pineapple.testscripts.Post_RegisterWebhook_Test_API" name="RegsiterJobofferDetailsInWebhookURL_ValidExternalBusinessID" time="3.180"/>
  <system-out/>
  <testcase classname="org.pineapple.testscripts.Post_RegisterWebhook_Test_API" name="RegsiterJobofferDetailsInWebhookURL_InvalidExternalBusinessID" time="0.953"/>
  <system-out/>
</testsuite> <!-- org.pineapple.testscripts.Post_RegisterWebhook_Test_API -->
