<?xml version="1.0" encoding="UTF-8"?>
<!-- Generated by org.testng.reporters.JUnitReportReporter -->
<testsuite hostname="INHL1290" failures="0" tests="1" name="org.pineapple.testscripts.Post_JobOffer_PassMandatePrameter_API" time="2.540" errors="0" timestamp="2022-08-17T21:01:43 IST" skipped="0">
  <testcase classname="org.pineapple.testscripts.Post_JobOffer_PassMandatePrameter_API" name="Post_JobOffer_MandatePrameter" time="2.540"/>
  <system-out/>
</testsuite> <!-- org.pineapple.testscripts.Post_JobOffer_PassMandatePrameter_API -->
