<?xml version="1.0" encoding="UTF-8"?>
<!-- Generated by org.testng.reporters.JUnitReportReporter -->
<testsuite hostname="INHL1290" failures="0" tests="3" name="org.pineapple.testscripts.Post_Request_SendEmail_Invitation_toInviteeBusiness_Test" time="6.130" errors="0" timestamp="2022-12-22T12:26:51 IST" skipped="0">
  <testcase classname="org.pineapple.testscripts.Post_Request_SendEmail_Invitation_toInviteeBusiness_Test" name="EmailInvitationWithRegisteredBusiness" time="3.079"/>
  <system-out/>
  <testcase classname="org.pineapple.testscripts.Post_Request_SendEmail_Invitation_toInviteeBusiness_Test" name="EmailInvitationwithInvitedBusiness" time="1.529"/>
  <system-out/>
  <testcase classname="org.pineapple.testscripts.Post_Request_SendEmail_Invitation_toInviteeBusiness_Test" name="EmailInvitationwithBlankInvitee" time="1.522"/>
  <system-out/>
</testsuite> <!-- org.pineapple.testscripts.Post_Request_SendEmail_Invitation_toInviteeBusiness_Test -->
