<?xml version="1.0" encoding="UTF-8"?>
<!-- Generated by org.testng.reporters.JUnitReportReporter -->
<testsuite hostname="INHL1290" failures="0" tests="1" name="org.pineapple.testscripts.Resend_business_registration_email_API_InvalidToken" time="2.912" errors="0" timestamp="2022-08-10T16:42:36 IST" skipped="0">
  <testcase classname="org.pineapple.testscripts.Resend_business_registration_email_API_InvalidToken" name="resendBusinessRegistration" time="2.912"/>
  <system-out/>
</testsuite> <!-- org.pineapple.testscripts.Resend_business_registration_email_API_InvalidToken -->
