<?xml version="1.0" encoding="UTF-8"?>
<!-- Generated by org.testng.reporters.JUnitReportReporter -->
<testsuite hostname="INHL1290" failures="0" tests="1" name="org.pineapple.testscripts.Get_SingleIncomingJobs_Details_ValidExternalBusinessID_InvalidJobID_API" time="4.114" errors="0" timestamp="2022-08-09T17:21:40 IST" skipped="0">
  <testcase classname="org.pineapple.testscripts.Get_SingleIncomingJobs_Details_ValidExternalBusinessID_InvalidJobID_API" name="Get_SingleIncomingJob_Details_ValidExternalID" time="4.114"/>
  <system-out/>
</testsuite> <!-- org.pineapple.testscripts.Get_SingleIncomingJobs_Details_ValidExternalBusinessID_InvalidJobID_API -->
