<?xml version="1.0" encoding="UTF-8"?>
<!-- Generated by org.testng.reporters.JUnitReportReporter -->
<testsuite hostname="INHL1290" failures="0" tests="1" name="org.pineapple.testscripts.Get_Single_Business_Invitation_InvalidbusinessID" time="3.249" errors="0" timestamp="2022-08-09T15:09:25 IST" skipped="0">
  <testcase classname="org.pineapple.testscripts.Get_Single_Business_Invitation_InvalidbusinessID" name="GetSingleBusinessInvitationDetails_InvaildBusinessID" time="3.249"/>
  <system-out/>
</testsuite> <!-- org.pineapple.testscripts.Get_Single_Business_Invitation_InvalidbusinessID -->
