<?xml version="1.0" encoding="UTF-8"?>
<!-- Generated by org.testng.reporters.JUnitReportReporter -->
<testsuite hostname="INHL1290" failures="0" tests="3" name="org.pineapple.testscripts.Post_Request_SendEmail_InvitationToInvitee_Test_API" time="4.380" errors="0" timestamp="2023-01-24T18:15:56 IST" skipped="0">
  <testcase classname="org.pineapple.testscripts.Post_Request_SendEmail_InvitationToInvitee_Test_API" name="EmailInvitationWithRegisteredBusiness" time="2.520"/>
  <system-out/>
  <testcase classname="org.pineapple.testscripts.Post_Request_SendEmail_InvitationToInvitee_Test_API" name="EmailInvitationwithInvitedBusiness" time="0.939"/>
  <system-out/>
  <testcase classname="org.pineapple.testscripts.Post_Request_SendEmail_InvitationToInvitee_Test_API" name="EmailInvitationwithBlankInvitee" time="0.921"/>
  <system-out/>
</testsuite> <!-- org.pineapple.testscripts.Post_Request_SendEmail_InvitationToInvitee_Test_API -->
