<?xml version="1.0" encoding="UTF-8"?>
<!-- Generated by org.testng.reporters.JUnitReportReporter -->
<testsuite hostname="INHL1290" failures="0" tests="1" name="org.pineapple.testscripts.Post_Request_SignUp_API_PassOnlyEmail" time="3.069" errors="0" timestamp="2022-08-11T17:26:53 IST" skipped="0">
  <testcase classname="org.pineapple.testscripts.Post_Request_SignUp_API_PassOnlyEmail" name="SignUP" time="3.069"/>
  <system-out/>
</testsuite> <!-- org.pineapple.testscripts.Post_Request_SignUp_API_PassOnlyEmail -->
