<?xml version="1.0" encoding="UTF-8"?>
<!-- Generated by org.testng.reporters.JUnitReportReporter -->
<testsuite hostname="INHL1290" failures="0" tests="1" name="org.pineapple.testscripts.Get_All_BusinessInviation_Status_List_API" time="2.849" errors="0" timestamp="2022-08-22T22:04:48 IST" skipped="0">
  <testcase classname="org.pineapple.testscripts.Get_All_BusinessInviation_Status_List_API" name="Get_All_BusinessInviation_Status" time="2.849"/>
  <system-out/>
</testsuite> <!-- org.pineapple.testscripts.Get_All_BusinessInviation_Status_List_API -->
