<?xml version="1.0" encoding="UTF-8"?>
<!-- Generated by org.testng.reporters.JUnitReportReporter -->
<testsuite hostname="INHL1399" failures="0" tests="1" name="org.pineapple.testscripts.Post_BusinessRating_Details_TestScript_API$Post_BusinessRating_DraftState_Details_TestScript_API" time="1.082" errors="0" timestamp="2023-03-14T15:48:05 IST" skipped="0">
  <testcase classname="org.pineapple.testscripts.Post_BusinessRating_Details_TestScript_API$Post_BusinessRating_DraftState_Details_TestScript_API" name="Post_BusinessRating_Details_ValidExternalBusinessID" time="1.082"/>
  <system-out/>
</testsuite> <!-- org.pineapple.testscripts.Post_BusinessRating_Details_TestScript_API$Post_BusinessRating_DraftState_Details_TestScript_API -->
