<?xml version="1.0" encoding="UTF-8"?>
<!-- Generated by org.testng.reporters.JUnitReportReporter -->
<testsuite hostname="INHL1290" failures="0" tests="1" name="org.pineapple.testscripts.Get_Allincoming_JobofferDeatils_ValidExternalBusinessID_API" time="2.870" errors="0" timestamp="2022-08-22T22:05:07 IST" skipped="0">
  <testcase classname="org.pineapple.testscripts.Get_Allincoming_JobofferDeatils_ValidExternalBusinessID_API" name="Get_All_IncomingJobofferDetails_ValidExternalBusinessID" time="2.870"/>
  <system-out/>
</testsuite> <!-- org.pineapple.testscripts.Get_Allincoming_JobofferDeatils_ValidExternalBusinessID_API -->
