<?xml version="1.0" encoding="UTF-8"?>
<!-- Generated by org.testng.reporters.JUnitReportReporter -->
<testsuite hostname="INHL1399" failures="0" tests="3" name="org.pineapple.testscripts.Get_BusinessConnectionDetails_TestScript" time="1.085" errors="0" timestamp="2023-03-16T12:03:48 IST" skipped="0">
  <testcase classname="org.pineapple.testscripts.Get_BusinessConnectionDetails_TestScript" name="Get_BusinessConnection_ValidExternalId" time="1.028"/>
  <system-out/>
  <testcase classname="org.pineapple.testscripts.Get_BusinessConnectionDetails_TestScript" name="Get_BusinessConnection_InValidExternalId" time="0.035"/>
  <system-out/>
  <testcase classname="org.pineapple.testscripts.Get_BusinessConnectionDetails_TestScript" name="Get_BusinessConnection_InValidAPIKey" time="0.022"/>
  <system-out/>
</testsuite> <!-- org.pineapple.testscripts.Get_BusinessConnectionDetails_TestScript -->
