<?xml version="1.0" encoding="UTF-8"?>
<!-- Generated by org.testng.reporters.JUnitReportReporter -->
<testsuite hostname="INHL1399" failures="0" tests="3" name="org.pineapple.testscripts.Post_ChangeJobOfferState_API" time="1.517" errors="0" timestamp="2023-03-16T11:33:29 IST" skipped="0">
  <testcase classname="org.pineapple.testscripts.Post_ChangeJobOfferState_API" name="Post_ChangeJobOfferDraftToOpenState" time="1.031"/>
  <system-out/>
  <testcase classname="org.pineapple.testscripts.Post_ChangeJobOfferState_API" name="Post_ChangeJobOfferDraftToOpenState_InvalidSubeezId" time="0.392"/>
  <system-out/>
  <testcase classname="org.pineapple.testscripts.Post_ChangeJobOfferState_API" name="Post_ChangeJobOfferOpenToAwardState" time="0.094"/>
  <system-out/>
</testsuite> <!-- org.pineapple.testscripts.Post_ChangeJobOfferState_API -->
