<?xml version="1.0" encoding="UTF-8"?>
<!-- Generated by org.testng.reporters.JUnitReportReporter -->
<testsuite hostname="INHL1290" failures="0" tests="1" name="org.pineapple.testscripts.PostReuest_SignUp_API" time="4.102" errors="0" timestamp="2022-04-28T14:44:33 IST" skipped="0">
  <testcase classname="org.pineapple.testscripts.PostReuest_SignUp_API" name="SignUP" time="4.102"/>
  <system-out/>
</testsuite> <!-- org.pineapple.testscripts.PostReuest_SignUp_API -->
