<?xml version="1.0" encoding="UTF-8"?>
<!-- Generated by org.testng.reporters.JUnitReportReporter -->
<testsuite hostname="INHL1290" failures="0" tests="1" name="org.pineapple.testscripts.GetAll_BusinessInviation_Status_List_API" time="3.215" errors="0" timestamp="2022-05-31T16:52:48 IST" skipped="0">
  <testcase classname="org.pineapple.testscripts.GetAll_BusinessInviation_Status_List_API" name="Testcase5" time="3.215"/>
  <system-out/>
</testsuite> <!-- org.pineapple.testscripts.GetAll_BusinessInviation_Status_List_API -->
