<?xml version="1.0" encoding="UTF-8"?>
<!-- Generated by org.testng.reporters.JUnitReportReporter -->
<testsuite hostname="INHL1290" failures="0" tests="1" name="org.pineapple.testscripts.Get_Allincoming_JobofferDetails_InvalidExternalBusinessID_API" time="2.843" errors="0" timestamp="2022-08-21T01:23:06 IST" skipped="0">
  <testcase classname="org.pineapple.testscripts.Get_Allincoming_JobofferDetails_InvalidExternalBusinessID_API" name="Get_All_IncomingJobofferDetails_invalidExternalBusinessID" time="2.843"/>
  <system-out/>
</testsuite> <!-- org.pineapple.testscripts.Get_Allincoming_JobofferDetails_InvalidExternalBusinessID_API -->
