<?xml version="1.0" encoding="UTF-8"?>
<!-- Generated by org.testng.reporters.JUnitReportReporter -->
<testsuite hostname="INHL1290" failures="0" tests="1" name="org.pineapple.testscripts.Get_ListofAll_IncomingJobs_details_validexternalBusinessID_API" time="3.170" errors="0" timestamp="2022-08-10T23:43:57 IST" skipped="0">
  <testcase classname="org.pineapple.testscripts.Get_ListofAll_IncomingJobs_details_validexternalBusinessID_API" name="Get_allIncomingjobs_details" time="3.170"/>
  <system-out/>
</testsuite> <!-- org.pineapple.testscripts.Get_ListofAll_IncomingJobs_details_validexternalBusinessID_API -->
