<?xml version="1.0" encoding="UTF-8"?>
<!-- Generated by org.testng.reporters.JUnitReportReporter -->
<testsuite hostname="INHL1290" failures="0" tests="1" name="org.pineapple.testscripts.PostReuest_SignUp_API_PassAllParameter" time="2.762" errors="0" timestamp="2022-08-08T16:34:30 IST" skipped="0">
  <testcase classname="org.pineapple.testscripts.PostReuest_SignUp_API_PassAllParameter" name="SignUP" time="2.762"/>
  <system-out/>
</testsuite> <!-- org.pineapple.testscripts.PostReuest_SignUp_API_PassAllParameter -->
