<?xml version="1.0" encoding="UTF-8"?>
<!-- Generated by org.testng.reporters.JUnitReportReporter -->
<testsuite hostname="INHL1290" failures="0" tests="1" name="org.pineapple.testscripts.Get_ListofAll_OutgoingJobs_details_ValidExternalBusinessID_API" time="3.476" errors="0" timestamp="2022-08-10T23:49:46 IST" skipped="0">
  <testcase classname="org.pineapple.testscripts.Get_ListofAll_OutgoingJobs_details_ValidExternalBusinessID_API" name="Get_allOutgoingJobsDetails_ValidExternalBusinessID" time="3.476"/>
  <system-out/>
</testsuite> <!-- org.pineapple.testscripts.Get_ListofAll_OutgoingJobs_details_ValidExternalBusinessID_API -->
