<?xml version="1.0" encoding="UTF-8"?>
<!-- Generated by org.testng.reporters.JUnitReportReporter -->
<testsuite hostname="INHL1290" failures="0" tests="1" name="org.pineapple.testscripts.Post_Reuest_SignUp_API_PassVerifiedEmail_API" time="2.518" errors="0" timestamp="2022-08-11T09:54:59 IST" skipped="0">
  <testcase classname="org.pineapple.testscripts.Post_Reuest_SignUp_API_PassVerifiedEmail_API" name="SignUP" time="2.518"/>
  <system-out/>
</testsuite> <!-- org.pineapple.testscripts.Post_Reuest_SignUp_API_PassVerifiedEmail_API -->
