<?xml version="1.0" encoding="UTF-8"?>
<!-- Generated by org.testng.reporters.JUnitReportReporter -->
<testsuite hostname="INHL1290" failures="0" tests="1" name="org.pineapple.testscripts.Post_Request_SignUP_API_PassMandatoryParameter_WithoutCountryCode" time="2.894" errors="0" timestamp="2022-11-21T13:37:13 IST" skipped="0">
  <testcase classname="org.pineapple.testscripts.Post_Request_SignUP_API_PassMandatoryParameter_WithoutCountryCode" name="SignUP" time="2.894"/>
  <system-out/>
</testsuite> <!-- org.pineapple.testscripts.Post_Request_SignUP_API_PassMandatoryParameter_WithoutCountryCode -->
