<?xml version="1.0" encoding="UTF-8"?>
<!-- Generated by org.testng.reporters.JUnitReportReporter -->
<testsuite hostname="INHL1290" failures="0" tests="1" name="org.pineapple.testscripts.Post_Joboffer_BlankData_ValidExteranalBusinessID_API" time="2.452" errors="0" timestamp="2022-08-17T21:03:44 IST" skipped="0">
  <testcase classname="org.pineapple.testscripts.Post_Joboffer_BlankData_ValidExteranalBusinessID_API" name="Post_JobOffer_PassBlankData_ValidExternalBusinessID" time="2.452"/>
  <system-out/>
</testsuite> <!-- org.pineapple.testscripts.Post_Joboffer_BlankData_ValidExteranalBusinessID_API -->
